<?xml version="1.0" encoding="UTF-8"?>
<testsuite xmlns:xsi="http://www.w3.org/2001/XMLSchema-instance" xsi:noNamespaceSchemaLocation="https://maven.apache.org/surefire/maven-failsafe-plugin/xsd/failsafe-test-report-3.0.xsd" version="3.0" name="com.tetramobile.tetra.HealthCheckIT" time="5.048" tests="1" errors="0" skipped="0" failures="0">
  <properties>
[...]
</properties>
  <testcase name="healthEndpointReturnsUp" classname="com.tetramobile.tetra.HealthCheckIT" time="0.447">
    <system-out><![CDATA[Standard Commons Logging discovery in action with spring-jcl: please remove commons-logging.jar from classpath in order to avoid potential conflicts
18:22:13.196 [main] INFO org.springframework.test.context.support.AnnotationConfigContextLoaderUtils -- Could not detect default configuration classes for test class [com.tetramobile.tetra.HealthCheckIT]: HealthCheckIT does not declare any static, non-private, non-final, nested classes annotated with @Configuration.
18:22:13.237 [main] INFO org.springframework.boot.test.context.SpringBootTestContextBootstrapper -- Found @SpringBootConfiguration com.tetramobile.tetra.TetraApplication for test class com.tetramobile.tetra.HealthCheckIT
18:22:13.292 [main] INFO org.testcontainers.images.PullPolicy -- Image pull policy will be performed by: DefaultPullPolicy()
18:22:13.293 [main] INFO org.testcontainers.utility.ImageNameSubstitutor -- Image name substitution will be performed by: DefaultImageNameSubstitutor (composite of 'ConfigurationFileImageNameSubstitutor' and 'PrefixingImageNameSubstitutor')
18:22:13.313 [main] INFO org.testcontainers.DockerClientFactory -- Testcontainers version: 1.21.4
18:22:13.429 [main] INFO org.testcontainers.dockerclient.DockerClientProviderStrategy -- Loaded org.testcontainers.dockerclient.UnixSocketClientProviderStrategy from ~/.testcontainers.properties, will try it first
18:22:13.577 [main] INFO org.testcontainers.dockerclient.DockerClientProviderStrategy -- Found Docker environment with local Unix socket (unix:///var/run/docker.sock)
18:22:13.578 [main] INFO org.testcontainers.DockerClientFactory -- Docker host IP address is localhost
18:22:13.594 [main] INFO org.testcontainers.DockerClientFactory -- Connected to docker: 
  Server Version: 29.4.3
  API Version: 1.54
  Operating System: Docker Desktop
  Total Memory: 7836 MB
  Labels: 
    com.docker.desktop.address=unix:///Users/kosye/Library/Containers/com.docker.docker/Data/docker-cli.sock
18:22:13.612 [main] INFO tc.testcontainers/ryuk:0.12.0 -- Creating container for image: testcontainers/ryuk:0.12.0
18:22:13.848 [main] INFO tc.testcontainers/ryuk:0.12.0 -- Container testcontainers/ryuk:0.12.0 is starting: fc84cdb759a966dbbe29490e47b8720d94eb5e545cb569d82b6df9a1b0ce2a4e
18:22:14.042 [main] INFO tc.testcontainers/ryuk:0.12.0 -- Container testcontainers/ryuk:0.12.0 started in PT0.429773S
18:22:14.049 [main] INFO org.testcontainers.utility.RyukResourceReaper -- Ryuk started - will monitor and terminate Testcontainers containers on JVM exit
18:22:14.049 [main] INFO org.testcontainers.DockerClientFactory -- Checking the system...
18:22:14.049 [main] INFO org.testcontainers.DockerClientFactory -- ✔︎ Docker server version should be at least 1.6.0
18:22:14.049 [main] INFO tc.postgres:16-alpine -- Creating container for image: postgres:16-alpine
18:22:14.073 [main] INFO tc.postgres:16-alpine -- Container postgres:16-alpine is starting: 0bccabb4fa48626f804a3b44b149886e7219a59b9ab777783454a7ed2a6ef709
18:22:14.935 [main] INFO tc.postgres:16-alpine -- Container postgres:16-alpine started in PT0.885219S
18:22:14.936 [main] INFO tc.postgres:16-alpine -- Container is started (JDBC URL: jdbc:postgresql://localhost:62494/tetra?loggerLevel=OFF)

  .   ____          _            __ _ _
 /\\ / ___'_ __ _ _(_)_ __  __ _ \ \ \ \
( ( )\___ | '_ | '_| | '_ \/ _` | \ \ \ \
 \\/  ___)| |_)| | | | | || (_| |  ) ) ) )
  '  |____| .__|_| |_|_| |_\__, | / / / /
 =========|_|==============|___/=/_/_/_/

 :: Spring Boot ::                (v3.3.5)

2026-05-15T18:22:15.119+02:00  INFO 89663 --- [tetra-api] [           main] com.tetramobile.tetra.HealthCheckIT      : Starting HealthCheckIT using Java 22.0.2 with PID 89663 (started by kosye in /Users/kosye/workspace/apps/tetra-app/.claude/worktrees/feat+plan-00-bootstrap/api)
2026-05-15T18:22:15.119+02:00 DEBUG 89663 --- [tetra-api] [           main] com.tetramobile.tetra.HealthCheckIT      : Running with Spring Boot v3.3.5, Spring v6.1.14
2026-05-15T18:22:15.119+02:00  INFO 89663 --- [tetra-api] [           main] com.tetramobile.tetra.HealthCheckIT      : The following 1 profile is active: "local"
2026-05-15T18:22:15.485+02:00  INFO 89663 --- [tetra-api] [           main] .s.d.r.c.RepositoryConfigurationDelegate : Bootstrapping Spring Data JPA repositories in DEFAULT mode.
2026-05-15T18:22:15.494+02:00  INFO 89663 --- [tetra-api] [           main] .s.d.r.c.RepositoryConfigurationDelegate : Finished Spring Data repository scanning in 6 ms. Found 0 JPA repository interfaces.
2026-05-15T18:22:15.815+02:00  INFO 89663 --- [tetra-api] [           main] o.s.b.w.embedded.tomcat.TomcatWebServer  : Tomcat initialized with port 0 (http)
2026-05-15T18:22:15.821+02:00  INFO 89663 --- [tetra-api] [           main] o.apache.catalina.core.StandardService   : Starting service [Tomcat]
2026-05-15T18:22:15.821+02:00  INFO 89663 --- [tetra-api] [           main] o.apache.catalina.core.StandardEngine    : Starting Servlet engine: [Apache Tomcat/10.1.31]
2026-05-15T18:22:15.842+02:00  INFO 89663 --- [tetra-api] [           main] o.a.c.c.C.[Tomcat].[localhost].[/]       : Initializing Spring embedded WebApplicationContext
2026-05-15T18:22:15.842+02:00  INFO 89663 --- [tetra-api] [           main] w.s.c.ServletWebServerApplicationContext : Root WebApplicationContext: initialization completed in 716 ms
Standard Commons Logging discovery in action with spring-jcl: please remove commons-logging.jar from classpath in order to avoid potential conflicts
2026-05-15T18:22:16.004+02:00  INFO 89663 --- [tetra-api] [           main] com.zaxxer.hikari.HikariDataSource       : HikariPool-1 - Starting...
2026-05-15T18:22:16.089+02:00  INFO 89663 --- [tetra-api] [           main] com.zaxxer.hikari.pool.HikariPool        : HikariPool-1 - Added connection org.postgresql.jdbc.PgConnection@61607ff0
2026-05-15T18:22:16.090+02:00  INFO 89663 --- [tetra-api] [           main] com.zaxxer.hikari.HikariDataSource       : HikariPool-1 - Start completed.
2026-05-15T18:22:16.104+02:00  INFO 89663 --- [tetra-api] [           main] org.flywaydb.core.FlywayExecutor         : Database: jdbc:postgresql://localhost:62494/tetra (PostgreSQL 16.13)
2026-05-15T18:22:16.122+02:00  INFO 89663 --- [tetra-api] [           main] o.f.c.i.s.JdbcTableSchemaHistory         : Schema history table "public"."flyway_schema_history" does not exist yet
2026-05-15T18:22:16.124+02:00  INFO 89663 --- [tetra-api] [           main] o.f.core.internal.command.DbValidate     : Successfully validated 1 migration (execution time 00:00.008s)
2026-05-15T18:22:16.135+02:00  INFO 89663 --- [tetra-api] [           main] o.f.c.i.s.JdbcTableSchemaHistory         : Creating Schema History table "public"."flyway_schema_history" ...
2026-05-15T18:22:16.170+02:00  INFO 89663 --- [tetra-api] [           main] o.f.core.internal.command.DbMigrate      : Current version of schema "public": << Empty Schema >>
2026-05-15T18:22:16.181+02:00  INFO 89663 --- [tetra-api] [           main] o.f.core.internal.command.DbMigrate      : Migrating schema "public" to version "1 - initial schema"
2026-05-15T18:22:16.229+02:00  INFO 89663 --- [tetra-api] [           main] o.f.core.internal.command.DbMigrate      : Successfully applied 1 migration to schema "public", now at version v1 (execution time 00:00.039s)
2026-05-15T18:22:16.273+02:00  INFO 89663 --- [tetra-api] [           main] o.hibernate.jpa.internal.util.LogHelper  : HHH000204: Processing PersistenceUnitInfo [name: default]
2026-05-15T18:22:16.293+02:00  INFO 89663 --- [tetra-api] [           main] org.hibernate.Version                    : HHH000412: Hibernate ORM core version 6.5.3.Final
2026-05-15T18:22:16.307+02:00  INFO 89663 --- [tetra-api] [           main] o.h.c.internal.RegionFactoryInitiator    : HHH000026: Second-level cache disabled
2026-05-15T18:22:16.422+02:00  INFO 89663 --- [tetra-api] [           main] o.s.o.j.p.SpringPersistenceUnitInfo      : No LoadTimeWeaver setup: ignoring JPA class transformer
2026-05-15T18:22:16.637+02:00  INFO 89663 --- [tetra-api] [           main] o.h.e.t.j.p.i.JtaPlatformInitiator       : HHH000489: No JTA platform available (set 'hibernate.transaction.jta.platform' to enable JTA platform integration)
2026-05-15T18:22:16.639+02:00  INFO 89663 --- [tetra-api] [           main] j.LocalContainerEntityManagerFactoryBean : Initialized JPA EntityManagerFactory for persistence unit 'default'
2026-05-15T18:22:16.679+02:00  WARN 89663 --- [tetra-api] [           main] .s.s.UserDetailsServiceAutoConfiguration : 

Using generated security password: 0b27d12e-31e0-4578-b83f-fde7e804e9c4

This generated password is for development use only. Your security configuration must be updated before running your application in production.

2026-05-15T18:22:16.685+02:00  INFO 89663 --- [tetra-api] [           main] r$InitializeUserDetailsManagerConfigurer : Global AuthenticationManager configured with UserDetailsService bean with name inMemoryUserDetailsManager
2026-05-15T18:22:16.837+02:00  INFO 89663 --- [tetra-api] [           main] o.s.b.a.e.web.EndpointLinksResolver      : Exposing 1 endpoint beneath base path '/actuator'
2026-05-15T18:22:16.947+02:00  WARN 89663 --- [tetra-api] [           main] ion$DefaultTemplateResolverConfiguration : Cannot find template location: classpath:/templates/ (please add some templates, check your Thymeleaf configuration, or set spring.thymeleaf.check-template-location=false)
2026-05-15T18:22:17.418+02:00  INFO 89663 --- [tetra-api] [           main] o.s.b.w.embedded.tomcat.TomcatWebServer  : Tomcat started on port 62507 (http) with context path '/'
2026-05-15T18:22:17.430+02:00  INFO 89663 --- [tetra-api] [           main] com.tetramobile.tetra.HealthCheckIT      : Started HealthCheckIT in 2.471 seconds (process running for 4.577)
2026-05-15T18:22:17.842+02:00  INFO 89663 --- [tetra-api] [o-auto-1-exec-1] o.a.c.c.C.[Tomcat].[localhost].[/]       : Initializing Spring DispatcherServlet 'dispatcherServlet'
2026-05-15T18:22:17.842+02:00  INFO 89663 --- [tetra-api] [o-auto-1-exec-1] o.s.web.servlet.DispatcherServlet        : Initializing Servlet 'dispatcherServlet'
2026-05-15T18:22:17.843+02:00  INFO 89663 --- [tetra-api] [o-auto-1-exec-1] o.s.web.servlet.DispatcherServlet        : Completed initialization in 1 ms
]]></system-out>
    <system-err><![CDATA[WARNING: A Java agent has been loaded dynamically (/Users/kosye/.m2/repository/net/bytebuddy/byte-buddy-agent/1.14.19/byte-buddy-agent-1.14.19.jar)
WARNING: If a serviceability tool is in use, please run with -XX:+EnableDynamicAgentLoading to hide this warning
WARNING: If a serviceability tool is not in use, please run with -Djdk.instrument.traceUsage for more information
WARNING: Dynamic loading of agents will be disallowed by default in a future release
]]></system-err>
  </testcase>
</testsuite>